[1006/181635.083:ERROR:process_info.cc(329)] VirtualQueryEx: Accès refusé. (0x5)
[1006/181635.085:ERROR:process_info.cc(329)] VirtualQueryEx: Accès refusé. (0x5)
[1006/181635.086:ERROR:process_info.cc(556)] ReadMemoryInfo failed
[1006/181635.086:ERROR:process_info.cc(556)] ReadMemoryInfo failed
[1006/181635.086:ERROR:process_memory_win.cc(39)] Failed to initialize ProcessInfo.
[1006/181635.086:ERROR:process_memory_win.cc(39)] Failed to initialize ProcessInfo.
[1006/181635.086:ERROR:process_reader_win.cc(123)] NtOpenThread: {Accès refusé} Un processus a demandé l’accès a un objet, mais il ne bénéficie pas des autorisations nécessaires. (0xc0000022)
[1006/181635.086:ERROR:exception_snapshot_win.cc(99)] thread ID 22448 not found in process
[1006/181635.086:ERROR:scoped_process_suspend.cc(40)] NtResumeProcess: Tentative d’accès à un processus en cours d’arrêt. (0xc000010a)
[1006/181635.086:ERROR:scoped_process_suspend.cc(40)] NtResumeProcess: Tentative d’accès à un processus en cours d’arrêt. (0xc000010a)
[1006/181635.086:ERROR:process_info.cc(329)] VirtualQueryEx: Accès refusé. (0x5)
[1006/181635.086:ERROR:process_info.cc(556)] ReadMemoryInfo failed
[1006/181635.086:ERROR:process_memory_win.cc(39)] Failed to initialize ProcessInfo.
[1006/181635.086:ERROR:scoped_process_suspend.cc(40)] NtResumeProcess: Tentative d’accès à un processus en cours d’arrêt. (0xc000010a)
[1006/181635.086:ERROR:process_reader_win.cc(123)] NtOpenThread: {Accès refusé} Un processus a demandé l’accès a un objet, mais il ne bénéficie pas des autorisations nécessaires. (0xc0000022)
[1006/181635.086:ERROR:exception_snapshot_win.cc(99)] thread ID 17476 not found in process
[1006/181635.102:ERROR:process_reader_win.cc(123)] NtOpenThread: {Accès refusé} Un processus a demandé l’accès a un objet, mais il ne bénéficie pas des autorisations nécessaires. (0xc0000022)
[1006/181635.102:ERROR:exception_snapshot_win.cc(99)] thread ID 9000 not found in process
[1006/181635.102:ERROR:process_info.cc(329)] VirtualQueryEx: Accès refusé. (0x5)
[1006/181635.102:ERROR:process_info.cc(556)] ReadMemoryInfo failed
[1006/181635.102:ERROR:process_memory_win.cc(39)] Failed to initialize ProcessInfo.
[1006/181635.102:ERROR:scoped_process_suspend.cc(40)] NtResumeProcess: Tentative d’accès à un processus en cours d’arrêt. (0xc000010a)
